[+] Containers:
 |- [+] Container: /Game/TestScenes/Reid
 |   |- [+] ActorDescs:
 |   |   |- Guid:05ECF8634E75FF0ED803B1BB086D78D9 BaseClass: NativeClass:/Script/Engine.StaticMeshActor Name:StaticMeshActor_32 Label:SM_QuarterCylinder11 SpatiallyLoaded:1 Bounds:IsValid=true, Min=(X=2200.000 Y=700.000 Z=-0.000), Max=(X=2400.000 Y=900.000 Z=100.000) RuntimeGrid:None EditorOnly:0 RuntimeOnly:0 HLODRelevant:1 ListedInSceneOutliner:1 IsMainWorldOnly:0 FolderPath:Cylinder FolderGuid:D075E5BA49330D3EC2503D81A7CF88D1
 |   |   |- Guid:0C99F31B48FD5AE00F9C62BE26D24A63 BaseClass: NativeClass:/Script/Engine.StaticMeshActor Name:StaticMeshActor_14 Label:SM_Ramp3 SpatiallyLoaded:1 Bounds:IsValid=true, Min=(X=1800.000 Y=1700.000 Z=100.000), Max=(X=2000.000 Y=2100.000 Z=200.000) RuntimeGrid:None EditorOnly:0 RuntimeOnly:0 HLODRelevant:1 ListedInSceneOutliner:1 IsMainWorldOnly:0 FolderPath:Block01 FolderGuid:7D23E5AE4C2A421F86AF6986D87E6D05
 |   |   |- Guid:0CC1C2D146C2019418CDFA9F0F450C06 BaseClass: NativeClass:/Script/Engine.StaticMeshActor Name:StaticMeshActor_19 Label:SM_QuarterCylinder2 SpatiallyLoaded:1 Bounds:IsValid=true, Min=(X=2500.000 Y=2600.000 Z=0.000), Max=(X=2600.000 Y=2700.000 Z=200.000) RuntimeGrid:None EditorOnly:0 RuntimeOnly:0 HLODRelevant:1 ListedInSceneOutliner:1 IsMainWorldOnly:0 FolderPath:Block02 FolderGuid:EBA23F8248252949750E43911A3A1CDD
 |   |   |- Guid:15DE179842A92BD440A663AF0D34C024 BaseClass: NativeClass:/Script/Engine.StaticMeshActor Name:StaticMeshActor_35 Label:SM_QuarterCylinder14 SpatiallyLoaded:1 Bounds:IsValid=true, Min=(X=2200.000 Y=500.000 Z=0.000), Max=(X=2400.000 Y=700.000 Z=100.000) RuntimeGrid:None EditorOnly:0 RuntimeOnly:0 HLODRelevant:1 ListedInSceneOutliner:1 IsMainWorldOnly:0 FolderPath:Cylinder FolderGuid:D075E5BA49330D3EC2503D81A7CF88D1
 |   |   |- Guid:1A4F8DDE489916CD40BAD99F7A547408 BaseClass: NativeClass:/Script/Engine.StaticMeshActor Name:StaticMeshActor_10 Label:SM_ChamferCube2 SpatiallyLoaded:1 Bounds:IsValid=true, Min=(X=992.077 Y=2692.077 Z=0.013), Max=(X=1107.923 Y=2807.923 Z=100.013) RuntimeGrid:None EditorOnly:0 RuntimeOnly:0 HLODRelevant:0 ListedInSceneOutliner:1 IsMainWorldOnly:0
 |   |   |- Guid:1CDF0F2849B34F618678B58129C7167D BaseClass: NativeClass:/Script/Engine.StaticMeshActor Name:StaticMeshActor_24 Label:SM_Cube13 SpatiallyLoaded:1 Bounds:IsValid=true, Min=(X=300.000 Y=2700.000 Z=0.000), Max=(X=400.000 Y=2800.000 Z=200.000) RuntimeGrid:None EditorOnly:0 RuntimeOnly:0 HLODRelevant:1 ListedInSceneOutliner:1 IsMainWorldOnly:0 FolderPath:Block03 FolderGuid:7B7009C345D3D6DD94D3429E1D79C034
 |   |   |- Guid:1E56153949D289C0536C91A740F62CA2 BaseClass: NativeClass:/Script/Engine.StaticMeshActor Name:StaticMeshActor_UAID_8C8CAA275E6EC71D02_2021482148 Label:Tower1_topdownredlight SpatiallyLoaded:1 Bounds:IsValid=true, Min=(X=1213.334 Y=-135.132 Z=8.964), Max=(X=1232.291 Y=964.621 Z=2752.234) RuntimeGrid:None EditorOnly:0 RuntimeOnly:0 HLODRelevant:1 ListedInSceneOutliner:1 IsMainWorldOnly:0
 |   |   |- Guid:20EAEAC54D161E89BE9107820C871B7B BaseClass: NativeClass:/Script/Engine.StaticMeshActor Name:StaticMeshActor_21 Label:SM_QuarterCylinder3 SpatiallyLoaded:1 Bounds:IsValid=true, Min=(X=1500.000 Y=2200.000 Z=0.000), Max=(X=1600.000 Y=2300.000 Z=200.000) RuntimeGrid:None EditorOnly:0 RuntimeOnly:0 HLODRelevant:1 ListedInSceneOutliner:1 IsMainWorldOnly:0 FolderPath:Block01 FolderGuid:7D23E5AE4C2A421F86AF6986D87E6D05
 |   |   |- Guid:274CA0874DA07EA0594B128E48CC76C9 BaseClass: NativeClass:/Script/Engine.StaticMeshActor Name:StaticMeshActor_20 Label:SM_Cube12 SpatiallyLoaded:1 Bounds:IsValid=true, Min=(X=2500.000 Y=2700.000 Z=0.000), Max=(X=2600.000 Y=2800.000 Z=200.000) RuntimeGrid:None EditorOnly:0 RuntimeOnly:0 HLODRelevant:1 ListedInSceneOutliner:1 IsMainWorldOnly:0 FolderPath:Block02 FolderGuid:EBA23F8248252949750E43911A3A1CDD
 |   |   |- Guid:2B0FF1ED449836F018ACB29B973BA83B BaseClass: NativeClass:/Script/Engine.ExponentialHeightFog Name:ExponentialHeightFog_0 Label:ExponentialHeightFog SpatiallyLoaded:0 Bounds:IsValid=true, Min=(X=-5600.000 Y=-50.000 Z=-6850.000), Max=(X=-5600.000 Y=-50.000 Z=-6850.000) RuntimeGrid:None EditorOnly:0 RuntimeOnly:0 HLODRelevant:0 ListedInSceneOutliner:1 IsMainWorldOnly:0 FolderPath:Lighting FolderGuid:963EC3EB4002CCE9759E2EBA541A873A
 |   |   |- Guid:31CE25254B32306131B94DA94B44422D BaseClass: NativeClass:/Script/Engine.StaticMeshActor Name:StaticMeshActor_UAID_8C8CAA275E6EC71D02_2021475145 Label:Tower1_Canopy SpatiallyLoaded:1 Bounds:IsValid=true, Min=(X=62.792 Y=346.441 Z=-0.205), Max=(X=668.739 Y=770.825 Z=387.875) RuntimeGrid:None EditorOnly:0 RuntimeOnly:0 HLODRelevant:1 ListedInSceneOutliner:1 IsMainWorldOnly:0
 |   |   |- Guid:335B8F13420191885322BA8AB84CF3E1 BaseClass: NativeClass:/Script/Engine.StaticMeshActor Name:StaticMeshActor_UAID_8C8CAA275E6EC71D02_2021477146 Label:Tower1_Door SpatiallyLoaded:1 Bounds:IsValid=true, Min=(X=655.771 Y=480.579 Z=-0.523), Max=(X=668.099 Y=558.893 Z=164.110) RuntimeGrid:None EditorOnly:0 RuntimeOnly:0 HLODRelevant:1 ListedInSceneOutliner:1 IsMainWorldOnly:0
 |   |   |- Guid:3454B05C4FD24470F13411BA26B0382A BaseClass: NativeClass:/Script/Engine.StaticMeshActor Name:StaticMeshActor_11 Label:SM_ChamferCube3 SpatiallyLoaded:1 Bounds:IsValid=true, Min=(X=481.699 Y=2271.699 Z=0.013), Max=(X=618.301 Y=2408.301 Z=100.013) RuntimeGrid:None EditorOnly:0 RuntimeOnly:0 HLODRelevant:0 ListedInSceneOutliner:1 IsMainWorldOnly:0
 |   |   |- Guid:3E039C2C41DE8ECB440AEB9225EBD664 BaseClass: NativeClass:/Script/Engine.StaticMeshActor Name:StaticMeshActor_8 Label:SM_Cube4 SpatiallyLoaded:1 Bounds:IsValid=true, Min=(X=1200.000 Y=1700.000 Z=0.000), Max=(X=1800.000 Y=2200.000 Z=200.000) RuntimeGrid:None EditorOnly:0 RuntimeOnly:0 HLODRelevant:1 ListedInSceneOutliner:1 IsMainWorldOnly:0 FolderPath:Block01 FolderGuid:7D23E5AE4C2A421F86AF6986D87E6D05
 |   |   |- Guid:3FD1D233463D230864D73EA6B72EB92D BaseClass: NativeClass:/Script/Engine.PostProcessVolume Name:PostProcessVolume_0 Label:PostProcessVolume SpatiallyLoaded:0 Bounds:IsValid=true, Min=(X=0.000 Y=0.000 Z=400.000), Max=(X=200.000 Y=200.000 Z=600.000) RuntimeGrid:None EditorOnly:0 RuntimeOnly:0 HLODRelevant:0 ListedInSceneOutliner:1 IsMainWorldOnly:0 FolderPath:Lighting FolderGuid:963EC3EB4002CCE9759E2EBA541A873A
 |   |   |- Guid:410D07B1411FDB6AAEC404B3CF906B0D BaseClass: NativeClass:/Script/Engine.StaticMeshActor Name:StaticMeshActor_25 Label:SM_QuarterCylinder6 SpatiallyLoaded:1 Bounds:IsValid=true, Min=(X=1200.000 Y=2200.000 Z=0.000), Max=(X=1300.000 Y=2300.000 Z=200.000) RuntimeGrid:None EditorOnly:0 RuntimeOnly:0 HLODRelevant:1 ListedInSceneOutliner:1 IsMainWorldOnly:0 FolderPath:Block01 FolderGuid:7D23E5AE4C2A421F86AF6986D87E6D05
 |   |   |- Guid:42021C6A4AD54D68C860F1BE98EC878E BaseClass: NativeClass:/Script/Engine.SkyLight Name:SkyLight_1 Label:SkyLight SpatiallyLoaded:0 Bounds:IsValid=true, Min=(X=0.000 Y=0.000 Z=690.000), Max=(X=0.000 Y=0.000 Z=690.000) RuntimeGrid:None EditorOnly:0 RuntimeOnly:0 HLODRelevant:0 ListedInSceneOutliner:1 IsMainWorldOnly:0 FolderPath:Lighting FolderGuid:963EC3EB4002CCE9759E2EBA541A873A
 |   |   |- Guid:537DB9134D6F5E6A10B87CB229AEB19C BaseClass: NativeClass:/Script/Engine.StaticMeshActor Name:StaticMeshActor_22 Label:SM_QuarterCylinder4 SpatiallyLoaded:1 Bounds:IsValid=true, Min=(X=300.000 Y=2600.000 Z=0.000), Max=(X=400.000 Y=2700.000 Z=200.000) RuntimeGrid:None EditorOnly:0 RuntimeOnly:0 HLODRelevant:1 ListedInSceneOutliner:1 IsMainWorldOnly:0 FolderPath:Block03 FolderGuid:7B7009C345D3D6DD94D3429E1D79C034
 |   |   |- Guid:5F03FD4040F89B19778D3AA077A670E1 BaseClass: NativeClass:/Script/Engine.StaticMeshActor Name:StaticMeshActor_12 Label:SM_Cube8 SpatiallyLoaded:1 Bounds:IsValid=true, Min=(X=1300.000 Y=2600.000 Z=0.000), Max=(X=2500.000 Y=2900.000 Z=200.000) RuntimeGrid:None EditorOnly:0 RuntimeOnly:0 HLODRelevant:1 ListedInSceneOutliner:1 IsMainWorldOnly:0 FolderPath:Block02 FolderGuid:EBA23F8248252949750E43911A3A1CDD
 |   |   |- Guid:60A5223E4CC3E91F8F9EFABFA50D3E67 BaseClass: NativeClass:/Script/Engine.StaticMeshActor Name:StaticMeshActor_UAID_8C8CAA275E6EC71D02_2021480147 Label:Tower1_Door_001 SpatiallyLoaded:1 Bounds:IsValid=true, Min=(X=654.437 Y=558.755 Z=-0.523), Max=(X=669.040 Y=637.069 Z=164.110) RuntimeGrid:None EditorOnly:0 RuntimeOnly:0 HLODRelevant:1 ListedInSceneOutliner:1 IsMainWorldOnly:0
 |   |   |- Guid:6168605E4D833F0EBB23CC968D118866 BaseClass: NativeClass:/Script/Engine.StaticMeshActor Name:StaticMeshActor_2 Label:SM_ChamferCube SpatiallyLoaded:1 Bounds:IsValid=true, Min=(X=1100.000 Y=2000.000 Z=0.013), Max=(X=1200.000 Y=2100.000 Z=100.013) RuntimeGrid:None EditorOnly:0 RuntimeOnly:0 HLODRelevant:0 ListedInSceneOutliner:1 IsMainWorldOnly:0
 |   |   |- Guid:66BEAA5A431D96B87B5494B6ADED129A BaseClass: NativeClass:/Script/Engine.TextRenderActor Name:TextRenderActor_1 Label:TextRenderActor SpatiallyLoaded:1 Bounds:IsValid=true, Min=(X=-0.100 Y=1100.000 Z=65.013), Max=(X=-0.100 Y=2392.308 Z=215.013) RuntimeGrid:None EditorOnly:0 RuntimeOnly:0 HLODRelevant:0 ListedInSceneOutliner:1 IsMainWorldOnly:0
 |   |   |- Guid:748D700F47C342B46A7DA7BDE2542B05 BaseClass: NativeClass:/Script/Engine.StaticMeshActor Name:StaticMeshActor_7 Label:SM_Cube7 SpatiallyLoaded:1 Bounds:IsValid=true, Min=(X=1300.000 Y=2200.000 Z=0.000), Max=(X=1500.000 Y=2300.000 Z=200.000) RuntimeGrid:None EditorOnly:0 RuntimeOnly:0 HLODRelevant:1 ListedInSceneOutliner:1 IsMainWorldOnly:0 FolderPath:Block01 FolderGuid:7D23E5AE4C2A421F86AF6986D87E6D05
 |   |   |- Guid:7DA33ADD43875624ED07B3B52E4AC1E5 BaseClass: NativeClass:/Script/Engine.StaticMeshActor Name:StaticMeshActor_15 Label:SM_Cube10 SpatiallyLoaded:1 Bounds:IsValid=true, Min=(X=1800.000 Y=2100.000 Z=100.000), Max=(X=2000.000 Y=2200.000 Z=200.000) RuntimeGrid:None EditorOnly:0 RuntimeOnly:0 HLODRelevant:1 ListedInSceneOutliner:1 IsMainWorldOnly:0 FolderPath:Block01 FolderGuid:7D23E5AE4C2A421F86AF6986D87E6D05
 |   |   |- Guid:90BC39D3407CCD8DBE4BB9909AA6A670 BaseClass: NativeClass:/Script/Engine.StaticMeshActor Name:StaticMeshActor_0 Label:SM_Cube5 SpatiallyLoaded:1 Bounds:IsValid=true, Min=(X=-0.000 Y=100.000 Z=0.000), Max=(X=100.000 Y=3400.000 Z=400.000) RuntimeGrid:None EditorOnly:0 RuntimeOnly:0 HLODRelevant:1 ListedInSceneOutliner:1 IsMainWorldOnly:0 FolderPath:Playground FolderGuid:C73F09FC4215536B1DCE2A9E0A830C70
 |   |   |- Guid:9868EA0F460D76E55DC953B4F0B39100 BaseClass: NativeClass:/Script/Engine.StaticMeshActor Name:StaticMeshActor_9 Label:SM_Ramp2 SpatiallyLoaded:1 Bounds:IsValid=true, Min=(X=1400.000 Y=1500.000 Z=0.000), Max=(X=1800.000 Y=1700.000 Z=100.000) RuntimeGrid:None EditorOnly:0 RuntimeOnly:0 HLODRelevant:1 ListedInSceneOutliner:1 IsMainWorldOnly:0 FolderPath:Block01 FolderGuid:7D23E5AE4C2A421F86AF6986D87E6D05
 |   |   |- Guid:9882B7934D13897B87D899A5D59CB1AA BaseClass: NativeClass:/Script/Engine.StaticMeshActor Name:StaticMeshActor_4 Label:SM_Cube6 SpatiallyLoaded:1 Bounds:IsValid=true, Min=(X=2900.000 Y=100.000 Z=0.000), Max=(X=3000.000 Y=3400.000 Z=400.000) RuntimeGrid:None EditorOnly:0 RuntimeOnly:0 HLODRelevant:1 ListedInSceneOutliner:1 IsMainWorldOnly:0 FolderPath:Playground FolderGuid:C73F09FC4215536B1DCE2A9E0A830C70
 |   |   |- Guid:9BED8B964737E71BBDA39C9DA104058F BaseClass: NativeClass:/Script/Engine.StaticMeshActor Name:StaticMeshActor_33 Label:SM_QuarterCylinder12 SpatiallyLoaded:1 Bounds:IsValid=true, Min=(X=2000.000 Y=700.000 Z=0.000), Max=(X=2200.000 Y=900.000 Z=100.000) RuntimeGrid:None EditorOnly:0 RuntimeOnly:0 HLODRelevant:1 ListedInSceneOutliner:1 IsMainWorldOnly:0 FolderPath:Cylinder FolderGuid:D075E5BA49330D3EC2503D81A7CF88D1
 |   |   |- Guid:A87BC4A8446637C8D23B63872D16F27D BaseClass: NativeClass:/Script/Engine.PlayerStart Name:PlayerStart_0 Label:PlayerStart SpatiallyLoaded:0 Bounds:IsValid=true, Min=(X=860.000 Y=1070.000 Z=0.013), Max=(X=940.000 Y=1150.000 Z=184.013) RuntimeGrid:None EditorOnly:0 RuntimeOnly:0 HLODRelevant:0 ListedInSceneOutliner:1 IsMainWorldOnly:0
 |   |   |- Guid:B5B7A29B448ACBCE9B260A8C2590C4EA BaseClass: NativeClass:/Script/Engine.StaticMeshActor Name:StaticMeshActor_34 Label:SM_QuarterCylinder13 SpatiallyLoaded:1 Bounds:IsValid=true, Min=(X=2000.000 Y=500.000 Z=0.000), Max=(X=2200.000 Y=700.000 Z=100.000) RuntimeGrid:None EditorOnly:0 RuntimeOnly:0 HLODRelevant:1 ListedInSceneOutliner:1 IsMainWorldOnly:0 FolderPath:Cylinder FolderGuid:D075E5BA49330D3EC2503D81A7CF88D1
 |   |   |- Guid:CA6243D147D61DE2ADBBF5881F9692D4 BaseClass: NativeClass:/Script/Engine.StaticMeshActor Name:StaticMeshActor_UAID_A4AE111137DC5EFB00_1110535423 Label:SM_SkySphere SpatiallyLoaded:0 Bounds:IsValid=true, Min=(X=-1638400.000 Y=-1638400.000 Z=-1638400.000), Max=(X=1638400.000 Y=1638400.000 Z=1638400.000) RuntimeGrid:None EditorOnly:0 RuntimeOnly:0 HLODRelevant:0 ListedInSceneOutliner:1 IsMainWorldOnly:0 FolderPath:Lighting FolderGuid:963EC3EB4002CCE9759E2EBA541A873A
 |   |   |- Guid:CEC1F08A49993FE7D38FB7AA122259AF BaseClass: NativeClass:/Script/Engine.StaticMeshActor Name:StaticMeshActor_13 Label:SM_Cube9 SpatiallyLoaded:1 Bounds:IsValid=true, Min=(X=1800.000 Y=1500.000 Z=0.000), Max=(X=2000.000 Y=2200.000 Z=100.000) RuntimeGrid:None EditorOnly:0 RuntimeOnly:0 HLODRelevant:1 ListedInSceneOutliner:1 IsMainWorldOnly:0 FolderPath:Block01 FolderGuid:7D23E5AE4C2A421F86AF6986D87E6D05
 |   |   |- Guid:CFC7B5B04121EBF9FD21059D186139F6 BaseClass: NativeClass:/Script/Engine.VolumetricCloud Name:VolumetricCloud_0 Label:VolumetricCloud SpatiallyLoaded:0 Bounds:IsValid=true, Min=(X=0.000 Y=0.000 Z=820.000), Max=(X=0.000 Y=0.000 Z=820.000) RuntimeGrid:None EditorOnly:0 RuntimeOnly:0 HLODRelevant:0 ListedInSceneOutliner:1 IsMainWorldOnly:0 FolderPath:Lighting FolderGuid:963EC3EB4002CCE9759E2EBA541A873A
 |   |   |- Guid:D16380FF4558F2183D9BEAA7C007408C BaseClass: NativeClass:/Script/Engine.StaticMeshActor Name:StaticMeshActor_16 Label:SM_Cube11 SpatiallyLoaded:1 Bounds:IsValid=true, Min=(X=400.000 Y=2600.000 Z=0.000), Max=(X=700.000 Y=2900.000 Z=200.000) RuntimeGrid:None EditorOnly:0 RuntimeOnly:0 HLODRelevant:1 ListedInSceneOutliner:1 IsMainWorldOnly:0 FolderPath:Block03 FolderGuid:7B7009C345D3D6DD94D3429E1D79C034
 |   |   |- Guid:D3C19F40471826BCCB7D6E8B631EA9B3 BaseClass: NativeClass:/Script/Engine.WorldDataLayers Name:WorldDataLayers Label:WorldDataLayers SpatiallyLoaded:0 Bounds:Invalid RuntimeGrid:None EditorOnly:0 RuntimeOnly:0 HLODRelevant:0 ListedInSceneOutliner:1 IsMainWorldOnly:1
 |   |   |- Guid:D4B6FD57448C7FB3F38F82BA23A79554 BaseClass: NativeClass:/Script/Engine.StaticMeshActor Name:StaticMeshActor_5 Label:SM_Cube2 SpatiallyLoaded:1 Bounds:IsValid=true, Min=(X=0.000 Y=0.000 Z=0.000), Max=(X=3000.000 Y=100.000 Z=400.000) RuntimeGrid:None EditorOnly:0 RuntimeOnly:0 HLODRelevant:1 ListedInSceneOutliner:1 IsMainWorldOnly:0 FolderPath:Playground FolderGuid:C73F09FC4215536B1DCE2A9E0A830C70
 |   |   |- Guid:D62200CB4EA9FB9F2D9045A23AD8C170 BaseClass: NativeClass:/Script/Engine.StaticMeshActor Name:StaticMeshActor_18 Label:SM_QuarterCylinder SpatiallyLoaded:1 Bounds:IsValid=true, Min=(X=2500.000 Y=2800.000 Z=0.000), Max=(X=2600.000 Y=2900.000 Z=200.000) RuntimeGrid:None EditorOnly:0 RuntimeOnly:0 HLODRelevant:1 ListedInSceneOutliner:1 IsMainWorldOnly:0 FolderPath:Block02 FolderGuid:EBA23F8248252949750E43911A3A1CDD
 |   |   |- Guid:D6627F02418F8AB357EE458F93811971 BaseClass: NativeClass:/Script/Engine.StaticMeshActor Name:StaticMeshActor_23 Label:SM_QuarterCylinder5 SpatiallyLoaded:1 Bounds:IsValid=true, Min=(X=300.000 Y=2800.000 Z=0.000), Max=(X=400.000 Y=2900.000 Z=200.000) RuntimeGrid:None EditorOnly:0 RuntimeOnly:0 HLODRelevant:1 ListedInSceneOutliner:1 IsMainWorldOnly:0 FolderPath:Block03 FolderGuid:7B7009C345D3D6DD94D3429E1D79C034
 |   |   |- Guid:DFAB3A784D1A804B9D840A8C158BAE28 BaseClass: NativeClass:/Script/Engine.SkyAtmosphere Name:SkyAtmosphere_0 Label:SkyAtmosphere SpatiallyLoaded:0 Bounds:IsValid=true, Min=(X=0.000 Y=0.000 Z=1020.000), Max=(X=0.000 Y=0.000 Z=1020.000) RuntimeGrid:None EditorOnly:0 RuntimeOnly:0 HLODRelevant:0 ListedInSceneOutliner:1 IsMainWorldOnly:0 FolderPath:Lighting FolderGuid:963EC3EB4002CCE9759E2EBA541A873A
 |   |   |- Guid:DFB8F01F430FF8225893A5B948DDB2B7 BaseClass: NativeClass:/Script/Engine.DirectionalLight Name:DirectionalLight_0 Label:DirectionalLight SpatiallyLoaded:0 Bounds:Invalid RuntimeGrid:None EditorOnly:0 RuntimeOnly:0 HLODRelevant:0 ListedInSceneOutliner:1 IsMainWorldOnly:0 FolderPath:Lighting FolderGuid:963EC3EB4002CCE9759E2EBA541A873A
 |   |   |- Guid:DFBAA07547240618A5D4A7A440B7F2BA BaseClass: NativeClass:/Script/Engine.StaticMeshActor Name:StaticMeshActor_UAID_8C8CAA275E6EC71D02_2021467144 Label:Tower1_Building SpatiallyLoaded:1 Bounds:IsValid=true, Min=(X=577.509 Y=-146.924 Z=-15.548), Max=(X=1772.227 Y=969.567 Z=2785.590) RuntimeGrid:None EditorOnly:0 RuntimeOnly:0 HLODRelevant:1 ListedInSceneOutliner:1 IsMainWorldOnly:0
 |   |   |- Guid:E5FC95AF48A2912BA0BA7687A9DC299C BaseClass: NativeClass:/Script/Engine.StaticMeshActor Name:StaticMeshActor_6 Label:SM_Cube3 SpatiallyLoaded:1 Bounds:IsValid=true, Min=(X=0.000 Y=3400.000 Z=0.000), Max=(X=3000.000 Y=3500.000 Z=400.000) RuntimeGrid:None EditorOnly:0 RuntimeOnly:0 HLODRelevant:1 ListedInSceneOutliner:1 IsMainWorldOnly:0 FolderPath:Playground FolderGuid:C73F09FC4215536B1DCE2A9E0A830C70
 |   |   |- Guid:E918635A4DAF27C5ACC685AE61DF9DDF BaseClass: NativeClass:/Script/Engine.StaticMeshActor Name:StaticMeshActor_3 Label:SM_Ramp SpatiallyLoaded:1 Bounds:IsValid=true, Min=(X=1300.000 Y=600.000 Z=0.000), Max=(X=1700.000 Y=800.000 Z=30.000) RuntimeGrid:None EditorOnly:0 RuntimeOnly:0 HLODRelevant:1 ListedInSceneOutliner:1 IsMainWorldOnly:0
 |   |   |- Guid:EADD9B4249C45994DAE1E583285444CC BaseClass: NativeClass:/Script/Engine.StaticMeshActor Name:StaticMeshActor_1 Label:SM_Cube SpatiallyLoaded:1 Bounds:IsValid=true, Min=(X=0.000 Y=0.000 Z=-50.000), Max=(X=3000.000 Y=3500.000 Z=0.000) RuntimeGrid:None EditorOnly:0 RuntimeOnly:0 HLODRelevant:1 ListedInSceneOutliner:1 IsMainWorldOnly:0 FolderPath:Playground FolderGuid:C73F09FC4215536B1DCE2A9E0A830C70
 |   |   |- Guid:EF721D42461CBD0D764881B8CA360577 BaseClass:/Game/ThirdPerson/Blueprints/BP_ThirdPersonCharacter.BP_ThirdPersonCharacter_C NativeClass:/Script/Engine.Character Name:BP_ThirdPersonCharacter_C_UAID_107C61B68714971B02_1269873583 Label:BP_ThirdPersonCharacter SpatiallyLoaded:1 Bounds:IsValid=true, Min=(X=1352.408 Y=1965.000 Z=199.851), Max=(X=1425.000 Y=2035.000 Z=380.332) RuntimeGrid:None EditorOnly:0 RuntimeOnly:0 HLODRelevant:0 ListedInSceneOutliner:1 IsMainWorldOnly:0
 |   |   |- Guid:F4DC7059414211E7A0D86E8FCB557418 BaseClass:/Game/ThirdPerson/Blueprints/BP_ThirdPersonCharacter.BP_ThirdPersonCharacter_C NativeClass:/Script/Engine.Character Name:BP_ThirdPersonCharacter_C_UAID_107C61B68714971B02_1325248584 Label:BP_ThirdPersonCharacter2 SpatiallyLoaded:1 Bounds:IsValid=true, Min=(X=469.454 Y=2699.454 Z=199.851), Max=(X=552.245 Y=2780.546 Z=380.332) RuntimeGrid:None EditorOnly:0 RuntimeOnly:0 HLODRelevant:0 ListedInSceneOutliner:1 IsMainWorldOnly:0
 |   |   |- Guid:FC0CDFE94A0D437795CFC09B845CB20F BaseClass:/Game/Interaction/Interact1.Interact1_C NativeClass:/Script/Engine.Actor Name:Interact1_C_UAID_047C16364548981B02_1549641759 Label:Interact1 SpatiallyLoaded:1 Bounds:IsValid=true, Min=(X=1310.000 Y=1000.000 Z=0.000), Max=(X=1410.000 Y=1100.000 Z=100.000) RuntimeGrid:None EditorOnly:0 RuntimeOnly:0 HLODRelevant:0 ListedInSceneOutliner:1 IsMainWorldOnly:0
 |   |- [+] Clusters:
 |   |   |- [+] [  0]
 |   |   |   |- Guid:05ECF8634E75FF0ED803B1BB086D78D9 BaseClass: NativeClass:/Script/Engine.StaticMeshActor Name:StaticMeshActor_32 Label:SM_QuarterCylinder11 SpatiallyLoaded:1 Bounds:IsValid=true, Min=(X=2200.000 Y=700.000 Z=-0.000), Max=(X=2400.000 Y=900.000 Z=100.000) RuntimeGrid:None EditorOnly:0 RuntimeOnly:0 HLODRelevant:1 ListedInSceneOutliner:1 IsMainWorldOnly:0 FolderPath:Cylinder FolderGuid:D075E5BA49330D3EC2503D81A7CF88D1
 |   |   |- [+] [  1]
 |   |   |   |- Guid:0C99F31B48FD5AE00F9C62BE26D24A63 BaseClass: NativeClass:/Script/Engine.StaticMeshActor Name:StaticMeshActor_14 Label:SM_Ramp3 SpatiallyLoaded:1 Bounds:IsValid=true, Min=(X=1800.000 Y=1700.000 Z=100.000), Max=(X=2000.000 Y=2100.000 Z=200.000) RuntimeGrid:None EditorOnly:0 RuntimeOnly:0 HLODRelevant:1 ListedInSceneOutliner:1 IsMainWorldOnly:0 FolderPath:Block01 FolderGuid:7D23E5AE4C2A421F86AF6986D87E6D05
 |   |   |- [+] [  2]
 |   |   |   |- Guid:0CC1C2D146C2019418CDFA9F0F450C06 BaseClass: NativeClass:/Script/Engine.StaticMeshActor Name:StaticMeshActor_19 Label:SM_QuarterCylinder2 SpatiallyLoaded:1 Bounds:IsValid=true, Min=(X=2500.000 Y=2600.000 Z=0.000), Max=(X=2600.000 Y=2700.000 Z=200.000) RuntimeGrid:None EditorOnly:0 RuntimeOnly:0 HLODRelevant:1 ListedInSceneOutliner:1 IsMainWorldOnly:0 FolderPath:Block02 FolderGuid:EBA23F8248252949750E43911A3A1CDD
 |   |   |- [+] [  3]
 |   |   |   |- Guid:15DE179842A92BD440A663AF0D34C024 BaseClass: NativeClass:/Script/Engine.StaticMeshActor Name:StaticMeshActor_35 Label:SM_QuarterCylinder14 SpatiallyLoaded:1 Bounds:IsValid=true, Min=(X=2200.000 Y=500.000 Z=0.000), Max=(X=2400.000 Y=700.000 Z=100.000) RuntimeGrid:None EditorOnly:0 RuntimeOnly:0 HLODRelevant:1 ListedInSceneOutliner:1 IsMainWorldOnly:0 FolderPath:Cylinder FolderGuid:D075E5BA49330D3EC2503D81A7CF88D1
 |   |   |- [+] [  4]
 |   |   |   |- Guid:1A4F8DDE489916CD40BAD99F7A547408 BaseClass: NativeClass:/Script/Engine.StaticMeshActor Name:StaticMeshActor_10 Label:SM_ChamferCube2 SpatiallyLoaded:1 Bounds:IsValid=true, Min=(X=992.077 Y=2692.077 Z=0.013), Max=(X=1107.923 Y=2807.923 Z=100.013) RuntimeGrid:None EditorOnly:0 RuntimeOnly:0 HLODRelevant:0 ListedInSceneOutliner:1 IsMainWorldOnly:0
 |   |   |- [+] [  5]
 |   |   |   |- Guid:1CDF0F2849B34F618678B58129C7167D BaseClass: NativeClass:/Script/Engine.StaticMeshActor Name:StaticMeshActor_24 Label:SM_Cube13 SpatiallyLoaded:1 Bounds:IsValid=true, Min=(X=300.000 Y=2700.000 Z=0.000), Max=(X=400.000 Y=2800.000 Z=200.000) RuntimeGrid:None EditorOnly:0 RuntimeOnly:0 HLODRelevant:1 ListedInSceneOutliner:1 IsMainWorldOnly:0 FolderPath:Block03 FolderGuid:7B7009C345D3D6DD94D3429E1D79C034
 |   |   |- [+] [  6]
 |   |   |   |- Guid:1E56153949D289C0536C91A740F62CA2 BaseClass: NativeClass:/Script/Engine.StaticMeshActor Name:StaticMeshActor_UAID_8C8CAA275E6EC71D02_2021482148 Label:Tower1_topdownredlight SpatiallyLoaded:1 Bounds:IsValid=true, Min=(X=1213.334 Y=-135.132 Z=8.964), Max=(X=1232.291 Y=964.621 Z=2752.234) RuntimeGrid:None EditorOnly:0 RuntimeOnly:0 HLODRelevant:1 ListedInSceneOutliner:1 IsMainWorldOnly:0
 |   |   |- [+] [  7]
 |   |   |   |- Guid:20EAEAC54D161E89BE9107820C871B7B BaseClass: NativeClass:/Script/Engine.StaticMeshActor Name:StaticMeshActor_21 Label:SM_QuarterCylinder3 SpatiallyLoaded:1 Bounds:IsValid=true, Min=(X=1500.000 Y=2200.000 Z=0.000), Max=(X=1600.000 Y=2300.000 Z=200.000) RuntimeGrid:None EditorOnly:0 RuntimeOnly:0 HLODRelevant:1 ListedInSceneOutliner:1 IsMainWorldOnly:0 FolderPath:Block01 FolderGuid:7D23E5AE4C2A421F86AF6986D87E6D05
 |   |   |- [+] [  8]
 |   |   |   |- Guid:274CA0874DA07EA0594B128E48CC76C9 BaseClass: NativeClass:/Script/Engine.StaticMeshActor Name:StaticMeshActor_20 Label:SM_Cube12 SpatiallyLoaded:1 Bounds:IsValid=true, Min=(X=2500.000 Y=2700.000 Z=0.000), Max=(X=2600.000 Y=2800.000 Z=200.000) RuntimeGrid:None EditorOnly:0 RuntimeOnly:0 HLODRelevant:1 ListedInSceneOutliner:1 IsMainWorldOnly:0 FolderPath:Block02 FolderGuid:EBA23F8248252949750E43911A3A1CDD
 |   |   |- [+] [  9]
 |   |   |   |- Guid:2B0FF1ED449836F018ACB29B973BA83B BaseClass: NativeClass:/Script/Engine.ExponentialHeightFog Name:ExponentialHeightFog_0 Label:ExponentialHeightFog SpatiallyLoaded:0 Bounds:IsValid=true, Min=(X=-5600.000 Y=-50.000 Z=-6850.000), Max=(X=-5600.000 Y=-50.000 Z=-6850.000) RuntimeGrid:None EditorOnly:0 RuntimeOnly:0 HLODRelevant:0 ListedInSceneOutliner:1 IsMainWorldOnly:0 FolderPath:Lighting FolderGuid:963EC3EB4002CCE9759E2EBA541A873A
 |   |   |- [+] [ 10]
 |   |   |   |- Guid:31CE25254B32306131B94DA94B44422D BaseClass: NativeClass:/Script/Engine.StaticMeshActor Name:StaticMeshActor_UAID_8C8CAA275E6EC71D02_2021475145 Label:Tower1_Canopy SpatiallyLoaded:1 Bounds:IsValid=true, Min=(X=62.792 Y=346.441 Z=-0.205), Max=(X=668.739 Y=770.825 Z=387.875) RuntimeGrid:None EditorOnly:0 RuntimeOnly:0 HLODRelevant:1 ListedInSceneOutliner:1 IsMainWorldOnly:0
 |   |   |- [+] [ 11]
 |   |   |   |- Guid:335B8F13420191885322BA8AB84CF3E1 BaseClass: NativeClass:/Script/Engine.StaticMeshActor Name:StaticMeshActor_UAID_8C8CAA275E6EC71D02_2021477146 Label:Tower1_Door SpatiallyLoaded:1 Bounds:IsValid=true, Min=(X=655.771 Y=480.579 Z=-0.523), Max=(X=668.099 Y=558.893 Z=164.110) RuntimeGrid:None EditorOnly:0 RuntimeOnly:0 HLODRelevant:1 ListedInSceneOutliner:1 IsMainWorldOnly:0
 |   |   |- [+] [ 12]
 |   |   |   |- Guid:3454B05C4FD24470F13411BA26B0382A BaseClass: NativeClass:/Script/Engine.StaticMeshActor Name:StaticMeshActor_11 Label:SM_ChamferCube3 SpatiallyLoaded:1 Bounds:IsValid=true, Min=(X=481.699 Y=2271.699 Z=0.013), Max=(X=618.301 Y=2408.301 Z=100.013) RuntimeGrid:None EditorOnly:0 RuntimeOnly:0 HLODRelevant:0 ListedInSceneOutliner:1 IsMainWorldOnly:0
 |   |   |- [+] [ 13]
 |   |   |   |- Guid:3E039C2C41DE8ECB440AEB9225EBD664 BaseClass: NativeClass:/Script/Engine.StaticMeshActor Name:StaticMeshActor_8 Label:SM_Cube4 SpatiallyLoaded:1 Bounds:IsValid=true, Min=(X=1200.000 Y=1700.000 Z=0.000), Max=(X=1800.000 Y=2200.000 Z=200.000) RuntimeGrid:None EditorOnly:0 RuntimeOnly:0 HLODRelevant:1 ListedInSceneOutliner:1 IsMainWorldOnly:0 FolderPath:Block01 FolderGuid:7D23E5AE4C2A421F86AF6986D87E6D05
 |   |   |- [+] [ 14]
 |   |   |   |- Guid:3FD1D233463D230864D73EA6B72EB92D BaseClass: NativeClass:/Script/Engine.PostProcessVolume Name:PostProcessVolume_0 Label:PostProcessVolume SpatiallyLoaded:0 Bounds:IsValid=true, Min=(X=0.000 Y=0.000 Z=400.000), Max=(X=200.000 Y=200.000 Z=600.000) RuntimeGrid:None EditorOnly:0 RuntimeOnly:0 HLODRelevant:0 ListedInSceneOutliner:1 IsMainWorldOnly:0 FolderPath:Lighting FolderGuid:963EC3EB4002CCE9759E2EBA541A873A
 |   |   |- [+] [ 15]
 |   |   |   |- Guid:410D07B1411FDB6AAEC404B3CF906B0D BaseClass: NativeClass:/Script/Engine.StaticMeshActor Name:StaticMeshActor_25 Label:SM_QuarterCylinder6 SpatiallyLoaded:1 Bounds:IsValid=true, Min=(X=1200.000 Y=2200.000 Z=0.000), Max=(X=1300.000 Y=2300.000 Z=200.000) RuntimeGrid:None EditorOnly:0 RuntimeOnly:0 HLODRelevant:1 ListedInSceneOutliner:1 IsMainWorldOnly:0 FolderPath:Block01 FolderGuid:7D23E5AE4C2A421F86AF6986D87E6D05
 |   |   |- [+] [ 16]
 |   |   |   |- Guid:42021C6A4AD54D68C860F1BE98EC878E BaseClass: NativeClass:/Script/Engine.SkyLight Name:SkyLight_1 Label:SkyLight SpatiallyLoaded:0 Bounds:IsValid=true, Min=(X=0.000 Y=0.000 Z=690.000), Max=(X=0.000 Y=0.000 Z=690.000) RuntimeGrid:None EditorOnly:0 RuntimeOnly:0 HLODRelevant:0 ListedInSceneOutliner:1 IsMainWorldOnly:0 FolderPath:Lighting FolderGuid:963EC3EB4002CCE9759E2EBA541A873A
 |   |   |- [+] [ 17]
 |   |   |   |- Guid:537DB9134D6F5E6A10B87CB229AEB19C BaseClass: NativeClass:/Script/Engine.StaticMeshActor Name:StaticMeshActor_22 Label:SM_QuarterCylinder4 SpatiallyLoaded:1 Bounds:IsValid=true, Min=(X=300.000 Y=2600.000 Z=0.000), Max=(X=400.000 Y=2700.000 Z=200.000) RuntimeGrid:None EditorOnly:0 RuntimeOnly:0 HLODRelevant:1 ListedInSceneOutliner:1 IsMainWorldOnly:0 FolderPath:Block03 FolderGuid:7B7009C345D3D6DD94D3429E1D79C034
 |   |   |- [+] [ 18]
 |   |   |   |- Guid:5F03FD4040F89B19778D3AA077A670E1 BaseClass: NativeClass:/Script/Engine.StaticMeshActor Name:StaticMeshActor_12 Label:SM_Cube8 SpatiallyLoaded:1 Bounds:IsValid=true, Min=(X=1300.000 Y=2600.000 Z=0.000), Max=(X=2500.000 Y=2900.000 Z=200.000) RuntimeGrid:None EditorOnly:0 RuntimeOnly:0 HLODRelevant:1 ListedInSceneOutliner:1 IsMainWorldOnly:0 FolderPath:Block02 FolderGuid:EBA23F8248252949750E43911A3A1CDD
 |   |   |- [+] [ 19]
 |   |   |   |- Guid:60A5223E4CC3E91F8F9EFABFA50D3E67 BaseClass: NativeClass:/Script/Engine.StaticMeshActor Name:StaticMeshActor_UAID_8C8CAA275E6EC71D02_2021480147 Label:Tower1_Door_001 SpatiallyLoaded:1 Bounds:IsValid=true, Min=(X=654.437 Y=558.755 Z=-0.523), Max=(X=669.040 Y=637.069 Z=164.110) RuntimeGrid:None EditorOnly:0 RuntimeOnly:0 HLODRelevant:1 ListedInSceneOutliner:1 IsMainWorldOnly:0
 |   |   |- [+] [ 20]
 |   |   |   |- Guid:6168605E4D833F0EBB23CC968D118866 BaseClass: NativeClass:/Script/Engine.StaticMeshActor Name:StaticMeshActor_2 Label:SM_ChamferCube SpatiallyLoaded:1 Bounds:IsValid=true, Min=(X=1100.000 Y=2000.000 Z=0.013), Max=(X=1200.000 Y=2100.000 Z=100.013) RuntimeGrid:None EditorOnly:0 RuntimeOnly:0 HLODRelevant:0 ListedInSceneOutliner:1 IsMainWorldOnly:0
 |   |   |- [+] [ 21]
 |   |   |   |- Guid:66BEAA5A431D96B87B5494B6ADED129A BaseClass: NativeClass:/Script/Engine.TextRenderActor Name:TextRenderActor_1 Label:TextRenderActor SpatiallyLoaded:1 Bounds:IsValid=true, Min=(X=-0.100 Y=1100.000 Z=65.013), Max=(X=-0.100 Y=2392.308 Z=215.013) RuntimeGrid:None EditorOnly:0 RuntimeOnly:0 HLODRelevant:0 ListedInSceneOutliner:1 IsMainWorldOnly:0
 |   |   |- [+] [ 22]
 |   |   |   |- Guid:748D700F47C342B46A7DA7BDE2542B05 BaseClass: NativeClass:/Script/Engine.StaticMeshActor Name:StaticMeshActor_7 Label:SM_Cube7 SpatiallyLoaded:1 Bounds:IsValid=true, Min=(X=1300.000 Y=2200.000 Z=0.000), Max=(X=1500.000 Y=2300.000 Z=200.000) RuntimeGrid:None EditorOnly:0 RuntimeOnly:0 HLODRelevant:1 ListedInSceneOutliner:1 IsMainWorldOnly:0 FolderPath:Block01 FolderGuid:7D23E5AE4C2A421F86AF6986D87E6D05
 |   |   |- [+] [ 23]
 |   |   |   |- Guid:7DA33ADD43875624ED07B3B52E4AC1E5 BaseClass: NativeClass:/Script/Engine.StaticMeshActor Name:StaticMeshActor_15 Label:SM_Cube10 SpatiallyLoaded:1 Bounds:IsValid=true, Min=(X=1800.000 Y=2100.000 Z=100.000), Max=(X=2000.000 Y=2200.000 Z=200.000) RuntimeGrid:None EditorOnly:0 RuntimeOnly:0 HLODRelevant:1 ListedInSceneOutliner:1 IsMainWorldOnly:0 FolderPath:Block01 FolderGuid:7D23E5AE4C2A421F86AF6986D87E6D05
 |   |   |- [+] [ 24]
 |   |   |   |- Guid:90BC39D3407CCD8DBE4BB9909AA6A670 BaseClass: NativeClass:/Script/Engine.StaticMeshActor Name:StaticMeshActor_0 Label:SM_Cube5 SpatiallyLoaded:1 Bounds:IsValid=true, Min=(X=-0.000 Y=100.000 Z=0.000), Max=(X=100.000 Y=3400.000 Z=400.000) RuntimeGrid:None EditorOnly:0 RuntimeOnly:0 HLODRelevant:1 ListedInSceneOutliner:1 IsMainWorldOnly:0 FolderPath:Playground FolderGuid:C73F09FC4215536B1DCE2A9E0A830C70
 |   |   |- [+] [ 25]
 |   |   |   |- Guid:9868EA0F460D76E55DC953B4F0B39100 BaseClass: NativeClass:/Script/Engine.StaticMeshActor Name:StaticMeshActor_9 Label:SM_Ramp2 SpatiallyLoaded:1 Bounds:IsValid=true, Min=(X=1400.000 Y=1500.000 Z=0.000), Max=(X=1800.000 Y=1700.000 Z=100.000) RuntimeGrid:None EditorOnly:0 RuntimeOnly:0 HLODRelevant:1 ListedInSceneOutliner:1 IsMainWorldOnly:0 FolderPath:Block01 FolderGuid:7D23E5AE4C2A421F86AF6986D87E6D05
 |   |   |- [+] [ 26]
 |   |   |   |- Guid:9882B7934D13897B87D899A5D59CB1AA BaseClass: NativeClass:/Script/Engine.StaticMeshActor Name:StaticMeshActor_4 Label:SM_Cube6 SpatiallyLoaded:1 Bounds:IsValid=true, Min=(X=2900.000 Y=100.000 Z=0.000), Max=(X=3000.000 Y=3400.000 Z=400.000) RuntimeGrid:None EditorOnly:0 RuntimeOnly:0 HLODRelevant:1 ListedInSceneOutliner:1 IsMainWorldOnly:0 FolderPath:Playground FolderGuid:C73F09FC4215536B1DCE2A9E0A830C70
 |   |   |- [+] [ 27]
 |   |   |   |- Guid:9BED8B964737E71BBDA39C9DA104058F BaseClass: NativeClass:/Script/Engine.StaticMeshActor Name:StaticMeshActor_33 Label:SM_QuarterCylinder12 SpatiallyLoaded:1 Bounds:IsValid=true, Min=(X=2000.000 Y=700.000 Z=0.000), Max=(X=2200.000 Y=900.000 Z=100.000) RuntimeGrid:None EditorOnly:0 RuntimeOnly:0 HLODRelevant:1 ListedInSceneOutliner:1 IsMainWorldOnly:0 FolderPath:Cylinder FolderGuid:D075E5BA49330D3EC2503D81A7CF88D1
 |   |   |- [+] [ 28]
 |   |   |   |- Guid:A87BC4A8446637C8D23B63872D16F27D BaseClass: NativeClass:/Script/Engine.PlayerStart Name:PlayerStart_0 Label:PlayerStart SpatiallyLoaded:0 Bounds:IsValid=true, Min=(X=860.000 Y=1070.000 Z=0.013), Max=(X=940.000 Y=1150.000 Z=184.013) RuntimeGrid:None EditorOnly:0 RuntimeOnly:0 HLODRelevant:0 ListedInSceneOutliner:1 IsMainWorldOnly:0
 |   |   |- [+] [ 29]
 |   |   |   |- Guid:B5B7A29B448ACBCE9B260A8C2590C4EA BaseClass: NativeClass:/Script/Engine.StaticMeshActor Name:StaticMeshActor_34 Label:SM_QuarterCylinder13 SpatiallyLoaded:1 Bounds:IsValid=true, Min=(X=2000.000 Y=500.000 Z=0.000), Max=(X=2200.000 Y=700.000 Z=100.000) RuntimeGrid:None EditorOnly:0 RuntimeOnly:0 HLODRelevant:1 ListedInSceneOutliner:1 IsMainWorldOnly:0 FolderPath:Cylinder FolderGuid:D075E5BA49330D3EC2503D81A7CF88D1
 |   |   |- [+] [ 30]
 |   |   |   |- Guid:CA6243D147D61DE2ADBBF5881F9692D4 BaseClass: NativeClass:/Script/Engine.StaticMeshActor Name:StaticMeshActor_UAID_A4AE111137DC5EFB00_1110535423 Label:SM_SkySphere SpatiallyLoaded:0 Bounds:IsValid=true, Min=(X=-1638400.000 Y=-1638400.000 Z=-1638400.000), Max=(X=1638400.000 Y=1638400.000 Z=1638400.000) RuntimeGrid:None EditorOnly:0 RuntimeOnly:0 HLODRelevant:0 ListedInSceneOutliner:1 IsMainWorldOnly:0 FolderPath:Lighting FolderGuid:963EC3EB4002CCE9759E2EBA541A873A
 |   |   |- [+] [ 31]
 |   |   |   |- Guid:CEC1F08A49993FE7D38FB7AA122259AF BaseClass: NativeClass:/Script/Engine.StaticMeshActor Name:StaticMeshActor_13 Label:SM_Cube9 SpatiallyLoaded:1 Bounds:IsValid=true, Min=(X=1800.000 Y=1500.000 Z=0.000), Max=(X=2000.000 Y=2200.000 Z=100.000) RuntimeGrid:None EditorOnly:0 RuntimeOnly:0 HLODRelevant:1 ListedInSceneOutliner:1 IsMainWorldOnly:0 FolderPath:Block01 FolderGuid:7D23E5AE4C2A421F86AF6986D87E6D05
 |   |   |- [+] [ 32]
 |   |   |   |- Guid:CFC7B5B04121EBF9FD21059D186139F6 BaseClass: NativeClass:/Script/Engine.VolumetricCloud Name:VolumetricCloud_0 Label:VolumetricCloud SpatiallyLoaded:0 Bounds:IsValid=true, Min=(X=0.000 Y=0.000 Z=820.000), Max=(X=0.000 Y=0.000 Z=820.000) RuntimeGrid:None EditorOnly:0 RuntimeOnly:0 HLODRelevant:0 ListedInSceneOutliner:1 IsMainWorldOnly:0 FolderPath:Lighting FolderGuid:963EC3EB4002CCE9759E2EBA541A873A
 |   |   |- [+] [ 33]
 |   |   |   |- Guid:D16380FF4558F2183D9BEAA7C007408C BaseClass: NativeClass:/Script/Engine.StaticMeshActor Name:StaticMeshActor_16 Label:SM_Cube11 SpatiallyLoaded:1 Bounds:IsValid=true, Min=(X=400.000 Y=2600.000 Z=0.000), Max=(X=700.000 Y=2900.000 Z=200.000) RuntimeGrid:None EditorOnly:0 RuntimeOnly:0 HLODRelevant:1 ListedInSceneOutliner:1 IsMainWorldOnly:0 FolderPath:Block03 FolderGuid:7B7009C345D3D6DD94D3429E1D79C034
 |   |   |- [+] [ 34]
 |   |   |   |- Guid:D3C19F40471826BCCB7D6E8B631EA9B3 BaseClass: NativeClass:/Script/Engine.WorldDataLayers Name:WorldDataLayers Label:WorldDataLayers SpatiallyLoaded:0 Bounds:Invalid RuntimeGrid:None EditorOnly:0 RuntimeOnly:0 HLODRelevant:0 ListedInSceneOutliner:1 IsMainWorldOnly:1
 |   |   |- [+] [ 35]
 |   |   |   |- Guid:D4B6FD57448C7FB3F38F82BA23A79554 BaseClass: NativeClass:/Script/Engine.StaticMeshActor Name:StaticMeshActor_5 Label:SM_Cube2 SpatiallyLoaded:1 Bounds:IsValid=true, Min=(X=0.000 Y=0.000 Z=0.000), Max=(X=3000.000 Y=100.000 Z=400.000) RuntimeGrid:None EditorOnly:0 RuntimeOnly:0 HLODRelevant:1 ListedInSceneOutliner:1 IsMainWorldOnly:0 FolderPath:Playground FolderGuid:C73F09FC4215536B1DCE2A9E0A830C70
 |   |   |- [+] [ 36]
 |   |   |   |- Guid:D62200CB4EA9FB9F2D9045A23AD8C170 BaseClass: NativeClass:/Script/Engine.StaticMeshActor Name:StaticMeshActor_18 Label:SM_QuarterCylinder SpatiallyLoaded:1 Bounds:IsValid=true, Min=(X=2500.000 Y=2800.000 Z=0.000), Max=(X=2600.000 Y=2900.000 Z=200.000) RuntimeGrid:None EditorOnly:0 RuntimeOnly:0 HLODRelevant:1 ListedInSceneOutliner:1 IsMainWorldOnly:0 FolderPath:Block02 FolderGuid:EBA23F8248252949750E43911A3A1CDD
 |   |   |- [+] [ 37]
 |   |   |   |- Guid:D6627F02418F8AB357EE458F93811971 BaseClass: NativeClass:/Script/Engine.StaticMeshActor Name:StaticMeshActor_23 Label:SM_QuarterCylinder5 SpatiallyLoaded:1 Bounds:IsValid=true, Min=(X=300.000 Y=2800.000 Z=0.000), Max=(X=400.000 Y=2900.000 Z=200.000) RuntimeGrid:None EditorOnly:0 RuntimeOnly:0 HLODRelevant:1 ListedInSceneOutliner:1 IsMainWorldOnly:0 FolderPath:Block03 FolderGuid:7B7009C345D3D6DD94D3429E1D79C034
 |   |   |- [+] [ 38]
 |   |   |   |- Guid:DFAB3A784D1A804B9D840A8C158BAE28 BaseClass: NativeClass:/Script/Engine.SkyAtmosphere Name:SkyAtmosphere_0 Label:SkyAtmosphere SpatiallyLoaded:0 Bounds:IsValid=true, Min=(X=0.000 Y=0.000 Z=1020.000), Max=(X=0.000 Y=0.000 Z=1020.000) RuntimeGrid:None EditorOnly:0 RuntimeOnly:0 HLODRelevant:0 ListedInSceneOutliner:1 IsMainWorldOnly:0 FolderPath:Lighting FolderGuid:963EC3EB4002CCE9759E2EBA541A873A
 |   |   |- [+] [ 39]
 |   |   |   |- Guid:DFB8F01F430FF8225893A5B948DDB2B7 BaseClass: NativeClass:/Script/Engine.DirectionalLight Name:DirectionalLight_0 Label:DirectionalLight SpatiallyLoaded:0 Bounds:Invalid RuntimeGrid:None EditorOnly:0 RuntimeOnly:0 HLODRelevant:0 ListedInSceneOutliner:1 IsMainWorldOnly:0 FolderPath:Lighting FolderGuid:963EC3EB4002CCE9759E2EBA541A873A
 |   |   |- [+] [ 40]
 |   |   |   |- Guid:DFBAA07547240618A5D4A7A440B7F2BA BaseClass: NativeClass:/Script/Engine.StaticMeshActor Name:StaticMeshActor_UAID_8C8CAA275E6EC71D02_2021467144 Label:Tower1_Building SpatiallyLoaded:1 Bounds:IsValid=true, Min=(X=577.509 Y=-146.924 Z=-15.548), Max=(X=1772.227 Y=969.567 Z=2785.590) RuntimeGrid:None EditorOnly:0 RuntimeOnly:0 HLODRelevant:1 ListedInSceneOutliner:1 IsMainWorldOnly:0
 |   |   |- [+] [ 41]
 |   |   |   |- Guid:E5FC95AF48A2912BA0BA7687A9DC299C BaseClass: NativeClass:/Script/Engine.StaticMeshActor Name:StaticMeshActor_6 Label:SM_Cube3 SpatiallyLoaded:1 Bounds:IsValid=true, Min=(X=0.000 Y=3400.000 Z=0.000), Max=(X=3000.000 Y=3500.000 Z=400.000) RuntimeGrid:None EditorOnly:0 RuntimeOnly:0 HLODRelevant:1 ListedInSceneOutliner:1 IsMainWorldOnly:0 FolderPath:Playground FolderGuid:C73F09FC4215536B1DCE2A9E0A830C70
 |   |   |- [+] [ 42]
 |   |   |   |- Guid:E918635A4DAF27C5ACC685AE61DF9DDF BaseClass: NativeClass:/Script/Engine.StaticMeshActor Name:StaticMeshActor_3 Label:SM_Ramp SpatiallyLoaded:1 Bounds:IsValid=true, Min=(X=1300.000 Y=600.000 Z=0.000), Max=(X=1700.000 Y=800.000 Z=30.000) RuntimeGrid:None EditorOnly:0 RuntimeOnly:0 HLODRelevant:1 ListedInSceneOutliner:1 IsMainWorldOnly:0
 |   |   |- [+] [ 43]
 |   |   |   |- Guid:EADD9B4249C45994DAE1E583285444CC BaseClass: NativeClass:/Script/Engine.StaticMeshActor Name:StaticMeshActor_1 Label:SM_Cube SpatiallyLoaded:1 Bounds:IsValid=true, Min=(X=0.000 Y=0.000 Z=-50.000), Max=(X=3000.000 Y=3500.000 Z=0.000) RuntimeGrid:None EditorOnly:0 RuntimeOnly:0 HLODRelevant:1 ListedInSceneOutliner:1 IsMainWorldOnly:0 FolderPath:Playground FolderGuid:C73F09FC4215536B1DCE2A9E0A830C70
 |   |   |- [+] [ 44]
 |   |   |   |- Guid:EF721D42461CBD0D764881B8CA360577 BaseClass:/Game/ThirdPerson/Blueprints/BP_ThirdPersonCharacter.BP_ThirdPersonCharacter_C NativeClass:/Script/Engine.Character Name:BP_ThirdPersonCharacter_C_UAID_107C61B68714971B02_1269873583 Label:BP_ThirdPersonCharacter SpatiallyLoaded:1 Bounds:IsValid=true, Min=(X=1352.408 Y=1965.000 Z=199.851), Max=(X=1425.000 Y=2035.000 Z=380.332) RuntimeGrid:None EditorOnly:0 RuntimeOnly:0 HLODRelevant:0 ListedInSceneOutliner:1 IsMainWorldOnly:0
 |   |   |- [+] [ 45]
 |   |   |   |- Guid:F4DC7059414211E7A0D86E8FCB557418 BaseClass:/Game/ThirdPerson/Blueprints/BP_ThirdPersonCharacter.BP_ThirdPersonCharacter_C NativeClass:/Script/Engine.Character Name:BP_ThirdPersonCharacter_C_UAID_107C61B68714971B02_1325248584 Label:BP_ThirdPersonCharacter2 SpatiallyLoaded:1 Bounds:IsValid=true, Min=(X=469.454 Y=2699.454 Z=199.851), Max=(X=552.245 Y=2780.546 Z=380.332) RuntimeGrid:None EditorOnly:0 RuntimeOnly:0 HLODRelevant:0 ListedInSceneOutliner:1 IsMainWorldOnly:0
 |   |   |- [+] [ 46]
 |   |   |   |- Guid:FC0CDFE94A0D437795CFC09B845CB20F BaseClass:/Game/Interaction/Interact1.Interact1_C NativeClass:/Script/Engine.Actor Name:Interact1_C_UAID_047C16364548981B02_1549641759 Label:Interact1 SpatiallyLoaded:1 Bounds:IsValid=true, Min=(X=1310.000 Y=1000.000 Z=0.000), Max=(X=1410.000 Y=1100.000 Z=100.000) RuntimeGrid:None EditorOnly:0 RuntimeOnly:0 HLODRelevant:0 ListedInSceneOutliner:1 IsMainWorldOnly:0
 |- ContainerInstances:
 |- [+] MainContainer:
 |   |-        ID: 00000000000000000000000000000000
 |   |-  ParentID: 00000000000000000000000000000000
 |   |-    Bounds: IsValid=false, Min=(X=0.000 Y=0.000 Z=0.000), Max=(X=0.000 Y=0.000 Z=0.000)
 |   |- Transform: 0.000000,0.000000,0.000000|0.000000,0.000000,-0.000000|1.000000,1.000000,1.000000
 |   |- Container: /Game/TestScenes/Reid
----------------------------------------------------------------------------------------------------------------
Reid - Persistent Level
----------------------------------------------------------------------------------------------------------------
[+] Content of Reid Persistent Level
 |- Always loaded Actor Count: 47 
 |- Actor Path: /Game/TestScenes/Reid.Reid:PersistentLevel.BP_ThirdPersonCharacter_C_UAID_107C61B68714971B02_1269873583
 |- Actor Package: /Game/__ExternalActors__/TestScenes/Reid/2/K6/000AEZACZPR625RF9MD4S7
 |- Actor Path: /Game/TestScenes/Reid.Reid:PersistentLevel.BP_ThirdPersonCharacter_C_UAID_107C61B68714971B02_1325248584
 |- Actor Package: /Game/__ExternalActors__/TestScenes/Reid/5/7X/OJFHJIOE04YK37R1D2TLTU
 |- Actor Path: /Game/TestScenes/Reid.Reid:PersistentLevel.DirectionalLight_0
 |- Actor Package: /Game/__ExternalActors__/TestScenes/Reid/4/DA/4YFRJHKQI8AQXOZWEJ1O9Q
 |- Actor Path: /Game/TestScenes/Reid.Reid:PersistentLevel.ExponentialHeightFog_0
 |- Actor Package: /Game/__ExternalActors__/TestScenes/Reid/4/T7/ZLQV26202KBW44ZUTP2YSO
 |- Actor Path: /Game/TestScenes/Reid.Reid:PersistentLevel.Interact1_C_UAID_047C16364548981B02_1549641759
 |- Actor Package: /Game/__ExternalActors__/TestScenes/Reid/D/DO/D99UAM4I4RB89XVB3ZZSS1
 |- Actor Path: /Game/TestScenes/Reid.Reid:PersistentLevel.PlayerStart_0
 |- Actor Package: /Game/__ExternalActors__/TestScenes/Reid/4/62/PGI5FEQMG44JKAX9DB2V36
 |- Actor Path: /Game/TestScenes/Reid.Reid:PersistentLevel.PostProcessVolume_0
 |- Actor Package: /Game/__ExternalActors__/TestScenes/Reid/7/DG/L07GRT9ZYI1G1Q7XGMZPFG
 |- Actor Path: /Game/TestScenes/Reid.Reid:PersistentLevel.SkyAtmosphere_0
 |- Actor Package: /Game/__ExternalActors__/TestScenes/Reid/7/FG/57A1FZZXAH6ICYH45WHYGF
 |- Actor Path: /Game/TestScenes/Reid.Reid:PersistentLevel.SkyLight_1
 |- Actor Package: /Game/__ExternalActors__/TestScenes/Reid/A/1U/UUQ9L45HC797O7L28X6HX7
 |- Actor Path: /Game/TestScenes/Reid.Reid:PersistentLevel.StaticMeshActor_0
 |- Actor Package: /Game/__ExternalActors__/TestScenes/Reid/5/61/YX8GSAQAAYB6DO5YTN0KB7
 |- Actor Path: /Game/TestScenes/Reid.Reid:PersistentLevel.StaticMeshActor_1
 |- Actor Package: /Game/__ExternalActors__/TestScenes/Reid/7/EB/OVO7DXUX55N292M8PURN7X
 |- Actor Path: /Game/TestScenes/Reid.Reid:PersistentLevel.StaticMeshActor_10
 |- Actor Package: /Game/__ExternalActors__/TestScenes/Reid/0/GB/JIR2TC69VUDESLO33M3OWZ
 |- Actor Path: /Game/TestScenes/Reid.Reid:PersistentLevel.StaticMeshActor_11
 |- Actor Package: /Game/__ExternalActors__/TestScenes/Reid/8/UB/10TREXBOAC92KRHZXD9JSK
 |- Actor Path: /Game/TestScenes/Reid.Reid:PersistentLevel.StaticMeshActor_12
 |- Actor Package: /Game/__ExternalActors__/TestScenes/Reid/5/FE/2SUIDWW8HS1271BYSO9R5L
 |- Actor Path: /Game/TestScenes/Reid.Reid:PersistentLevel.StaticMeshActor_13
 |- Actor Package: /Game/__ExternalActors__/TestScenes/Reid/6/YW/KEYODQE26YXKRRH5DYPSR8
 |- Actor Path: /Game/TestScenes/Reid.Reid:PersistentLevel.StaticMeshActor_14
 |- Actor Package: /Game/__ExternalActors__/TestScenes/Reid/C/52/GSJMOZ16GRY9I5DJ7N7MYQ
 |- Actor Path: /Game/TestScenes/Reid.Reid:PersistentLevel.StaticMeshActor_15
 |- Actor Package: /Game/__ExternalActors__/TestScenes/Reid/0/3W/6F4J55QQ75SIAQOTW67RVU
 |- Actor Path: /Game/TestScenes/Reid.Reid:PersistentLevel.StaticMeshActor_16
 |- Actor Package: /Game/__ExternalActors__/TestScenes/Reid/C/RX/28KYFTGZSVZ3XGOG7Y56VA
 |- Actor Path: /Game/TestScenes/Reid.Reid:PersistentLevel.StaticMeshActor_18
 |- Actor Package: /Game/__ExternalActors__/TestScenes/Reid/A/0U/KWWWZ13WXYV7YU6YT9K6AO
 |- Actor Path: /Game/TestScenes/Reid.Reid:PersistentLevel.StaticMeshActor_19
 |- Actor Package: /Game/__ExternalActors__/TestScenes/Reid/6/F7/3WZ0LIYEU3HJ6MD5S6VIR1
 |- Actor Path: /Game/TestScenes/Reid.Reid:PersistentLevel.StaticMeshActor_2
 |- Actor Package: /Game/__ExternalActors__/TestScenes/Reid/3/HZ/QZOJNZQ7TJ2VLHMK8QD8RY
 |- Actor Path: /Game/TestScenes/Reid.Reid:PersistentLevel.StaticMeshActor_20
 |- Actor Package: /Game/__ExternalActors__/TestScenes/Reid/0/0U/WMFTFXP2F97HXLTYQ7EQT6
 |- Actor Path: /Game/TestScenes/Reid.Reid:PersistentLevel.StaticMeshActor_21
 |- Actor Package: /Game/__ExternalActors__/TestScenes/Reid/3/KL/ICMYLMOA5AINIXD5CAO211
 |- Actor Path: /Game/TestScenes/Reid.Reid:PersistentLevel.StaticMeshActor_22
 |- Actor Package: /Game/__ExternalActors__/TestScenes/Reid/3/JR/AZPIUO760IZLXXW9G0SEWW
 |- Actor Path: /Game/TestScenes/Reid.Reid:PersistentLevel.StaticMeshActor_23
 |- Actor Package: /Game/__ExternalActors__/TestScenes/Reid/3/BE/FIOFILL3XQCKQIO1JQ469W
 |- Actor Path: /Game/TestScenes/Reid.Reid:PersistentLevel.StaticMeshActor_24
 |- Actor Package: /Game/__ExternalActors__/TestScenes/Reid/2/AB/0A3533WS9HSBJ049PQ825D
 |- Actor Path: /Game/TestScenes/Reid.Reid:PersistentLevel.StaticMeshActor_25
 |- Actor Package: /Game/__ExternalActors__/TestScenes/Reid/8/PM/GNTP3TQVBYZ7WZ4KHIQYF4
 |- Actor Path: /Game/TestScenes/Reid.Reid:PersistentLevel.StaticMeshActor_3
 |- Actor Package: /Game/__ExternalActors__/TestScenes/Reid/B/VS/ZL77Q4TY884US3ETI5QIWF
 |- Actor Path: /Game/TestScenes/Reid.Reid:PersistentLevel.StaticMeshActor_32
 |- Actor Package: /Game/__ExternalActors__/TestScenes/Reid/5/7J/8VG8VAPUJRZPAUQQLRSQ7S
 |- Actor Path: /Game/TestScenes/Reid.Reid:PersistentLevel.StaticMeshActor_33
 |- Actor Package: /Game/__ExternalActors__/TestScenes/Reid/7/S4/VCG5UQLISGWH31K9ZKMHXT
 |- Actor Path: /Game/TestScenes/Reid.Reid:PersistentLevel.StaticMeshActor_34
 |- Actor Package: /Game/__ExternalActors__/TestScenes/Reid/A/HU/3SSITS1DB5H3D3OX39A1AZ
 |- Actor Path: /Game/TestScenes/Reid.Reid:PersistentLevel.StaticMeshActor_35
 |- Actor Package: /Game/__ExternalActors__/TestScenes/Reid/9/ND/AR6ZXP7JOWGI48G09P1HW9
 |- Actor Path: /Game/TestScenes/Reid.Reid:PersistentLevel.StaticMeshActor_4
 |- Actor Package: /Game/__ExternalActors__/TestScenes/Reid/9/TV/DZ8XX67V8NOOHF6U1RKHI1
 |- Actor Path: /Game/TestScenes/Reid.Reid:PersistentLevel.StaticMeshActor_5
 |- Actor Package: /Game/__ExternalActors__/TestScenes/Reid/7/11/W85UMPOCZ0QZZIVZ3MV4W6
 |- Actor Path: /Game/TestScenes/Reid.Reid:PersistentLevel.StaticMeshActor_6
 |- Actor Package: /Game/__ExternalActors__/TestScenes/Reid/D/8F/KRE253RNI408PMTF6JUSHP
 |- Actor Path: /Game/TestScenes/Reid.Reid:PersistentLevel.StaticMeshActor_7
 |- Actor Package: /Game/__ExternalActors__/TestScenes/Reid/3/4C/29TPQ8N6AVD5WL4K1CCYAS
 |- Actor Path: /Game/TestScenes/Reid.Reid:PersistentLevel.StaticMeshActor_8
 |- Actor Package: /Game/__ExternalActors__/TestScenes/Reid/4/HW/V1IOAJ6A2QV8TCOF7F118Z
 |- Actor Path: /Game/TestScenes/Reid.Reid:PersistentLevel.StaticMeshActor_9
 |- Actor Package: /Game/__ExternalActors__/TestScenes/Reid/B/FP/AO6JNH3SU2AB5KVRXJ9ZZD
 |- Actor Path: /Game/TestScenes/Reid.Reid:PersistentLevel.StaticMeshActor_UAID_8C8CAA275E6EC71D02_2021467144
 |- Actor Package: /Game/__ExternalActors__/TestScenes/Reid/4/3H/8EQ7V120GZOZFN58WOYC5O
 |- Actor Path: /Game/TestScenes/Reid.Reid:PersistentLevel.StaticMeshActor_UAID_8C8CAA275E6EC71D02_2021475145
 |- Actor Package: /Game/__ExternalActors__/TestScenes/Reid/7/DC/W8MMKSYH3B0DRXNV228QIZ
 |- Actor Path: /Game/TestScenes/Reid.Reid:PersistentLevel.StaticMeshActor_UAID_8C8CAA275E6EC71D02_2021477146
 |- Actor Package: /Game/__ExternalActors__/TestScenes/Reid/2/07/BW8IKS33WEMFCEX8R654XO
 |- Actor Path: /Game/TestScenes/Reid.Reid:PersistentLevel.StaticMeshActor_UAID_8C8CAA275E6EC71D02_2021480147
 |- Actor Package: /Game/__ExternalActors__/TestScenes/Reid/0/H4/0TJ3595G4SCJEZO5WWJ1LG
 |- Actor Path: /Game/TestScenes/Reid.Reid:PersistentLevel.StaticMeshActor_UAID_8C8CAA275E6EC71D02_2021482148
 |- Actor Package: /Game/__ExternalActors__/TestScenes/Reid/0/N6/OQ734ZIZAZE28K1R0I1B84
 |- Actor Path: /Game/TestScenes/Reid.Reid:PersistentLevel.StaticMeshActor_UAID_A4AE111137DC5EFB00_1110535423
 |- Actor Package: /Game/__ExternalActors__/TestScenes/Reid/1/HN/EDSK1TDKS05ARGDZLST2J3
 |- Actor Path: /Game/TestScenes/Reid.Reid:PersistentLevel.TextRenderActor_1
 |- Actor Package: /Game/__ExternalActors__/TestScenes/Reid/C/XJ/20Z2HM0J1BJIODW3Z1TNIW
 |- Actor Path: /Game/TestScenes/Reid.Reid:PersistentLevel.VolumetricCloud_0
 |- Actor Package: /Game/__ExternalActors__/TestScenes/Reid/5/DT/WA7ACA39VIYLTQW329I134
 |- Actor Path: /Game/TestScenes/Reid.Reid:PersistentLevel.WorldDataLayers
 |- Actor Package: /Game/__ExternalActors__/TestScenes/Reid/2/P9/8NLYEUYBLBH4E6UY1JYGHF

----------------------------------------------------------------------------------------------------------------
Reid - Runtime Hash Set
----------------------------------------------------------------------------------------------------------------

